0 verbose cli C:\Program Files\nodejs\node.exe C:\Users\DonTillo\AppData\Roaming\npm\node_modules\npm\bin\npm-cli.js
1 info using npm@11.6.2
2 info using node@v22.20.0
3 silly config load:file:C:\Users\DonTillo\AppData\Roaming\npm\node_modules\npm\npmrc
4 silly config load:file:C:\data\code\comp\DRV\MonoRepo\nxgut\.npmrc
5 silly config load:file:C:\Users\DonTillo\.npmrc
6 silly config load:file:C:\Users\DonTillo\AppData\Roaming\npm\etc\npmrc
7 verbose title npm exec nx@latest configure-ai-agents
8 verbose argv "exec" "--yes" "--cache" "C:UsersDonTilloAppDataLocalTempnx-console-tmp789f047d2e" "--ignore-scripts" "--" "nx@latest" "configure-ai-agents"
9 verbose logfile logs-max:10 dir:C:\data\code\comp\DRV\MonoRepo\nxgut\UsersDonTilloAppDataLocalTempnx-console-tmp789f047d2e\_logs\2025-10-30T17_11_41_936Z-
10 verbose logfile C:\data\code\comp\DRV\MonoRepo\nxgut\UsersDonTilloAppDataLocalTempnx-console-tmp789f047d2e\_logs\2025-10-30T17_11_41_936Z-debug-0.log
11 silly logfile done cleaning log files
12 silly packumentCache heap:4345298944 maxSize:1086324736 maxEntrySize:543162368
13 http fetch GET 200 https://registry.npmjs.org/npm 301ms
14 http fetch GET 200 https://registry.npmjs.org/nx 197ms (cache miss)
15 verbose cwd C:\data\code\comp\DRV\MonoRepo\nxgut
16 verbose os Windows_NT 10.0.26200
17 verbose node v22.20.0
18 verbose npm  v11.6.2
19 verbose exit 0
20 info ok
